Watching for file changes with StatReloader
Watching for file changes with StatReloader
Start time: 2024-03-31T00:00:00+09:00, End time: 2024-05-12T00:00:00+09:00
Start time: 2024-03-31T00:00:00+09:00, End time: 2024-05-12T00:00:00+09:00
Not Found: /favicon.ico
Watching for file changes with StatReloader
Start time: 2024-03-31T00:00:00+09:00, End time: 2024-05-12T00:00:00+09:00
Start time: 2024-03-31T00:00:00+09:00, End time: 2024-05-12T00:00:00+09:00
Not Found: /favicon.ico
/Users/satoso/Python/at_management/project/attendance/views.py changed, reloading.
Watching for file changes with StatReloader
Start time: 2024-03-31T00:00:00+09:00, End time: 2024-05-12T00:00:00+09:00
Start time: 2024-03-31T00:00:00+09:00, End time: 2024-05-12T00:00:00+09:00
Not Found: /favicon.ico
Method Not Allowed (GET): /event/add/
/Users/satoso/Python/at_management/project/attendance/views.py changed, reloading.
Watching for file changes with StatReloader
Watching for file changes with StatReloader
Start time: 2024-03-31T00:00:00+09:00, End time: 2024-05-12T00:00:00+09:00
Start time: 2024-03-31T00:00:00+09:00, End time: 2024-05-12T00:00:00+09:00
Not Found: /favicon.ico
Method Not Allowed (GET): /event/add/
/Users/satoso/Python/at_management/project/attendance/views.py changed, reloading.
Watching for file changes with StatReloader
Watching for file changes with StatReloader
Start time: 2024-03-31T00:00:00+09:00, End time: 2024-05-12T00:00:00+09:00
Start time: 2024-03-31T00:00:00+09:00, End time: 2024-05-12T00:00:00+09:00
Not Found: /favicon.ico
Method Not Allowed (GET): /event/add/
/Users/satoso/Python/at_management/project/attendance/views.py changed, reloading.
Watching for file changes with StatReloader
/Users/satoso/Python/at_management/project/attendance/views.py changed, reloading.
Watching for file changes with StatReloader
/Users/satoso/Python/at_management/project/attendance/views.py changed, reloading.
Watching for file changes with StatReloader
Watching for file changes with StatReloader
Start time: 2024-03-31T00:00:00+09:00, End time: 2024-05-12T00:00:00+09:00
Start time: 2024-03-31T00:00:00+09:00, End time: 2024-05-12T00:00:00+09:00
Not Found: /favicon.ico
Start time: 2024-03-31T00:00:00+09:00, End time: 2024-05-12T00:00:00+09:00
Start time: 2024-03-31T00:00:00+09:00, End time: 2024-05-12T00:00:00+09:00
Not Found: /favicon.ico
